<?xml version="1.0" encoding="UTF-8"?>
<!-- Generated by org.testng.reporters.JUnitXMLReporter -->
<testsuite ignored="0" hostname="DESKTOP-IL0VP7Q" failures="1" tests="8" name="Surefire test" time="83.147" errors="0" timestamp="2026-06-10T20:37:13 IST">
  <testcase classname="com.blazedemo.testcases.FlightBookingTest" name="TC_FlightBooking" time="6.453"/>
  <testcase classname="com.blazedemo.testcases.FlightBookingTest" name="TC_FlightBooking" time="4.926"/>
  <testcase classname="com.blazedemo.testcases.FlightBookingTest" name="TC_FlightBooking" time="4.578"/>
  <testcase classname="com.blazedemo.testcases.FlightBookingTest" name="TC_FlightBooking" time="4.974"/>
  <testcase classname="com.blazedemo.testcases.FlightBookingTest" name="TC_FlightBooking" time="6.07"/>
  <testcase classname="com.blazedemo.testcases.FlightBookingTest" name="TC_FlightBooking" time="10.589">
    <failure type="org.openqa.selenium.NoSuchElementException" message="Cannot locate option with text: SÃ£o Paolo
For documentation on this error, please visit: https://www.selenium.dev/documentation/webdriver/troubleshooting/errors#no-such-element-exception
Build info: version: &amp;apos;4.21.0&amp;apos;, revision: &amp;apos;79ed462ef4&amp;apos;
System info: os.name: &amp;apos;Windows 11&amp;apos;, os.arch: &amp;apos;amd64&amp;apos;, os.version: &amp;apos;10.0&amp;apos;, java.version: &amp;apos;17.0.12&amp;apos;
Driver info: driver.version: unknown">
      <![CDATA[org.openqa.selenium.NoSuchElementException: Cannot locate option with text: SÃ£o Paolo
For documentation on this error, please visit: https://www.selenium.dev/documentation/webdriver/troubleshooting/errors#no-such-element-exception
Build info: version: '4.21.0', revision: '79ed462ef4'
System info: os.name: 'Windows 11', os.arch: 'amd64', os.version: '10.0', java.version: '17.0.12'
Driver info: driver.version: unknown
at org.openqa.selenium.support.ui.Select.selectByVisibleText(Select.java:153)
at com.blazedemo.pages.HomePage.selectDeparture(HomePage.java:36)
at com.blazedemo.testcases.FlightBookingTest.TC_FlightBooking(FlightBookingTest.java:79)
at java.base/java.util.ArrayList.forEach(ArrayList.java:1511)
... Removed 32 stack frames]]>
    </failure>
  </testcase> <!-- TC_FlightBooking -->
  <testcase classname="com.blazedemo.testcases.FlightBookingTest" name="TC_FlightBooking" time="6.925"/>
  <testcase classname="com.blazedemo.testcases.FlightBookingTest" name="TC_FlightBooking" time="5.045"/>
</testsuite> <!-- Surefire test -->
