<?xml version="1.0" encoding="UTF-8"?>
<!-- Generated by org.testng.reporters.JUnitXMLReporter -->
<testsuite ignored="0" hostname="DESKTOP-IL0VP7Q" failures="0" tests="5" name="Flight Tests" time="56.726" errors="0" timestamp="2026-06-11T17:00:14 IST">
  <testcase classname="com.blazedemo.testcases.FlightBookingTest" name="TC_FlightBooking" time="8.312"/>
  <testcase classname="com.blazedemo.testcases.FlightBookingTest" name="TC_FlightBooking" time="7.314"/>
  <testcase classname="com.blazedemo.testcases.FlightBookingTest" name="TC_FlightBooking" time="4.641"/>
  <testcase classname="com.blazedemo.testcases.FlightBookingTest" name="TC_FlightBooking" time="5.961"/>
  <testcase classname="com.blazedemo.testcases.FlightBookingTest" name="TC_FlightBooking" time="5.223"/>
</testsuite> <!-- Flight Tests -->
