<?xml version="1.0" encoding="UTF-8"?>
<!-- Generated by org.testng.reporters.JUnitXMLReporter -->
<testsuite ignored="0" hostname="DESKTOP-IL0VP7Q" failures="0" tests="8" name="Flight Tests" time="95.942" errors="0" timestamp="2026-06-10T22:14:11 IST">
  <testcase classname="com.blazedemo.testcases.FlightBookingTest" name="TC_FlightBooking" time="7.111"/>
  <testcase classname="com.blazedemo.testcases.FlightBookingTest" name="TC_FlightBooking" time="4.505"/>
  <testcase classname="com.blazedemo.testcases.FlightBookingTest" name="TC_FlightBooking" time="4.752"/>
  <testcase classname="com.blazedemo.testcases.FlightBookingTest" name="TC_FlightBooking" time="11.112"/>
  <testcase classname="com.blazedemo.testcases.FlightBookingTest" name="TC_FlightBooking" time="7.226"/>
  <testcase classname="com.blazedemo.testcases.FlightBookingTest" name="TC_FlightBooking" time="4.333"/>
  <testcase classname="com.blazedemo.testcases.FlightBookingTest" name="TC_FlightBooking" time="6.143"/>
  <testcase classname="com.blazedemo.testcases.FlightBookingTest" name="TC_FlightBooking" time="4.826"/>
</testsuite> <!-- Flight Tests -->
