<?xml version="1.0" encoding="UTF-8"?>
<!-- Generated by org.testng.reporters.JUnitXMLReporter -->
<testsuite ignored="0" hostname="DESKTOP-IL0VP7Q" failures="0" tests="5" name="GUI Elements Tests" time="39.78" errors="0" timestamp="2026-06-11T16:17:23 IST">
  <testcase classname="com.blazedemo.testcases.GUIElementsTests" name="validateChooseFlightButton" time="3.964"/>
  <testcase classname="com.blazedemo.testcases.GUIElementsTests" name="validateConfirmationText" time="6.64"/>
  <testcase classname="com.blazedemo.testcases.GUIElementsTests" name="validateDepartureDropdown" time="1.405"/>
  <testcase classname="com.blazedemo.testcases.GUIElementsTests" name="validateDestinationDropdown" time="1.368"/>
  <testcase classname="com.blazedemo.testcases.GUIElementsTests" name="validateFindFlightsButton" time="4.179"/>
</testsuite> <!-- GUI Elements Tests -->
