<?xml version="1.0" encoding="UTF-8"?>
<!-- Generated by org.testng.reporters.JUnitXMLReporter -->
<testsuite ignored="0" hostname="DESKTOP-IL0VP7Q" failures="0" tests="5" name="GUI Elements Tests" time="34.895" errors="0" timestamp="2026-06-11T21:01:27 IST">
  <testcase classname="com.blazedemo.testcases.GUIElementsTests" name="validateChooseFlightButton" time="3.522"/>
  <testcase classname="com.blazedemo.testcases.GUIElementsTests" name="validateConfirmationText" time="7.005"/>
  <testcase classname="com.blazedemo.testcases.GUIElementsTests" name="validateDepartureDropdown" time="1.738"/>
  <testcase classname="com.blazedemo.testcases.GUIElementsTests" name="validateDestinationDropdown" time="1.59"/>
  <testcase classname="com.blazedemo.testcases.GUIElementsTests" name="validateFindFlightsButton" time="1.912"/>
</testsuite> <!-- GUI Elements Tests -->
