<?xml version="1.0" encoding="UTF-8"?>
<testsuite xmlns:xsi="http://www.w3.org/2001/XMLSchema-instance" xsi:noNamespaceSchemaLocation="https://maven.apache.org/surefire/maven-surefire-plugin/xsd/surefire-test-report-3.0.xsd" version="3.0" name="TestSuite" time="84.173" tests="8" errors="0" skipped="0" failures="1">
  <properties>
[...]
</properties>
  <testcase name="TC_FlightBooking[1, Paris, New York, John Doe, Street 1, Chennai, TN, 600001, VISA, 12, 2026](1)" classname="com.blazedemo.testcases.FlightBookingTest" time="6.45">
    <system-out><![CDATA[FILE FOUND? true
ROWS LOADED FROM CSV = 8
Executing: 1
Selected FROM: Paris
Selected TO: New York
Find Flights clicked successfully
First flight selected
Purchase clicked successfully
Confirmation Message: Thank you for your purchase today!
]]></system-out>
    <system-err><![CDATA[SLF4J: Failed to load class "org.slf4j.impl.StaticLoggerBinder".
SLF4J: Defaulting to no-operation (NOP) logger implementation
SLF4J: See http://www.slf4j.org/codes.html#StaticLoggerBinder for further details.
Jun 10, 2026 8:35:53 PM org.openqa.selenium.devtools.CdpVersionFinder findNearestMatch
WARNING: Unable to find CDP implementation matching 149
Jun 10, 2026 8:35:53 PM org.openqa.selenium.chromium.ChromiumDriver lambda$new$5
WARNING: Unable to find version of CDP to use for 149.0.7827.54. You may need to include a dependency on a specific version of the CDP using something similar to `org.seleniumhq.selenium:selenium-devtools-v86:4.21.0` where the version ("v86") matches the version of the chromium-based browser you're using and the version number of the artifact is the same as Selenium's.
]]></system-err>
  </testcase>
  <testcase name="TC_FlightBooking[02, Philadelphia, Berlin, Alice Smith, Street 2, Hyderabad, TS, , MASTER, 11, 2027](2)" classname="com.blazedemo.testcases.FlightBookingTest" time="4.926">
    <system-out><![CDATA[Executing: 02
Selected FROM: Philadelphia
Selected TO: Berlin
Find Flights clicked successfully
First flight selected
Purchase clicked successfully
Confirmation Message: Thank you for your purchase today!
]]></system-out>
    <system-err><![CDATA[Jun 10, 2026 8:36:04 PM org.openqa.selenium.devtools.CdpVersionFinder findNearestMatch
WARNING: Unable to find CDP implementation matching 149
Jun 10, 2026 8:36:04 PM org.openqa.selenium.chromium.ChromiumDriver lambda$new$5
WARNING: Unable to find version of CDP to use for 149.0.7827.54. You may need to include a dependency on a specific version of the CDP using something similar to `org.seleniumhq.selenium:selenium-devtools-v86:4.21.0` where the version ("v86") matches the version of the chromium-based browser you're using and the version number of the artifact is the same as Selenium's.
]]></system-err>
  </testcase>
  <testcase name="TC_FlightBooking[03, Boston, Cairo, Raj Kumar, Street 3, Bangalore, KA, 560001, INVALIDCARD, 10, 2026](3)" classname="com.blazedemo.testcases.FlightBookingTest" time="4.578">
    <system-out><![CDATA[Executing: 03
Selected FROM: Boston
Selected TO: Cairo
Find Flights clicked successfully
First flight selected
Purchase clicked successfully
Confirmation Message: Thank you for your purchase today!
]]></system-out>
    <system-err><![CDATA[Jun 10, 2026 8:36:12 PM org.openqa.selenium.devtools.CdpVersionFinder findNearestMatch
WARNING: Unable to find CDP implementation matching 149
Jun 10, 2026 8:36:12 PM org.openqa.selenium.chromium.ChromiumDriver lambda$new$5
WARNING: Unable to find version of CDP to use for 149.0.7827.54. You may need to include a dependency on a specific version of the CDP using something similar to `org.seleniumhq.selenium:selenium-devtools-v86:4.21.0` where the version ("v86") matches the version of the chromium-based browser you're using and the version number of the artifact is the same as Selenium's.
]]></system-err>
  </testcase>
  <testcase name="TC_FlightBooking[04, San Diego, Dublin, Meera Rao, Street 4, Pune, MH, 411001, VISA, 00, 2026](4)" classname="com.blazedemo.testcases.FlightBookingTest" time="4.976">
    <system-out><![CDATA[Executing: 04
Selected FROM: San Diego
Selected TO: Dublin
Find Flights clicked successfully
First flight selected
Purchase clicked successfully
Confirmation Message: Thank you for your purchase today!
]]></system-out>
    <system-err><![CDATA[Jun 10, 2026 8:36:21 PM org.openqa.selenium.devtools.CdpVersionFinder findNearestMatch
WARNING: Unable to find CDP implementation matching 149
Jun 10, 2026 8:36:21 PM org.openqa.selenium.chromium.ChromiumDriver lambda$new$5
WARNING: Unable to find version of CDP to use for 149.0.7827.54. You may need to include a dependency on a specific version of the CDP using something similar to `org.seleniumhq.selenium:selenium-devtools-v86:4.21.0` where the version ("v86") matches the version of the chromium-based browser you're using and the version number of the artifact is the same as Selenium's.
]]></system-err>
  </testcase>
  <testcase name="TC_FlightBooking[05, Mexico City, London, Arjun Patel, Street 5, Delhi, DL, 110001, AMEX, 12, 2026](5)" classname="com.blazedemo.testcases.FlightBookingTest" time="6.07">
    <system-out><![CDATA[Executing: 05
Selected FROM: Mexico City
Selected TO: London
Find Flights clicked successfully
First flight selected
Purchase clicked successfully
Confirmation Message: Thank you for your purchase today!
]]></system-out>
    <system-err><![CDATA[Jun 10, 2026 8:36:29 PM org.openqa.selenium.devtools.CdpVersionFinder findNearestMatch
WARNING: Unable to find CDP implementation matching 149
Jun 10, 2026 8:36:29 PM org.openqa.selenium.chromium.ChromiumDriver lambda$new$5
WARNING: Unable to find version of CDP to use for 149.0.7827.54. You may need to include a dependency on a specific version of the CDP using something similar to `org.seleniumhq.selenium:selenium-devtools-v86:4.21.0` where the version ("v86") matches the version of the chromium-based browser you're using and the version number of the artifact is the same as Selenium's.
]]></system-err>
  </testcase>
  <testcase name="TC_FlightBooking[06, SÃ£o Paolo, Rome, Neha Sharma, Street 6, Mumbai, MH, 400001, VISA, 05, 2027](6)" classname="com.blazedemo.testcases.FlightBookingTest" time="10.62">
    <failure message="Cannot locate option with text: SÃ£o Paolo&#10;For documentation on this error, please visit: https://www.selenium.dev/documentation/webdriver/troubleshooting/errors#no-such-element-exception&#10;Build info: version: &apos;4.21.0&apos;, revision: &apos;79ed462ef4&apos;&#10;System info: os.name: &apos;Windows 11&apos;, os.arch: &apos;amd64&apos;, os.version: &apos;10.0&apos;, java.version: &apos;17.0.12&apos;&#10;Driver info: driver.version: unknown" type="org.openqa.selenium.NoSuchElementException"><![CDATA[org.openqa.selenium.NoSuchElementException: 
Cannot locate option with text: SÃ£o Paolo
For documentation on this error, please visit: https://www.selenium.dev/documentation/webdriver/troubleshooting/errors#no-such-element-exception
Build info: version: '4.21.0', revision: '79ed462ef4'
System info: os.name: 'Windows 11', os.arch: 'amd64', os.version: '10.0', java.version: '17.0.12'
Driver info: driver.version: unknown
	at org.openqa.selenium.support.ui.Select.selectByVisibleText(Select.java:153)
	at com.blazedemo.pages.HomePage.selectDeparture(HomePage.java:36)
	at com.blazedemo.testcases.FlightBookingTest.TC_FlightBooking(FlightBookingTest.java:79)
	at java.base/jdk.internal.reflect.NativeMethodAccessorImpl.invoke0(Native Method)
	at java.base/jdk.internal.reflect.NativeMethodAccessorImpl.invoke(NativeMethodAccessorImpl.java:77)
	at java.base/jdk.internal.reflect.DelegatingMethodAccessorImpl.invoke(DelegatingMethodAccessorImpl.java:43)
	at java.base/java.lang.reflect.Method.invoke(Method.java:568)
	at org.testng.internal.invokers.MethodInvocationHelper.invokeMethod(MethodInvocationHelper.java:141)
	at org.testng.internal.invokers.TestInvoker.invokeMethod(TestInvoker.java:686)
	at org.testng.internal.invokers.TestInvoker.invokeTestMethod(TestInvoker.java:230)
	at org.testng.internal.invokers.MethodRunner.runInSequence(MethodRunner.java:63)
	at org.testng.internal.invokers.TestInvoker$MethodInvocationAgent.invoke(TestInvoker.java:992)
	at org.testng.internal.invokers.TestInvoker.invokeTestMethods(TestInvoker.java:203)
	at org.testng.internal.invokers.TestMethodWorker.invokeTestMethods(TestMethodWorker.java:154)
	at org.testng.internal.invokers.TestMethodWorker.run(TestMethodWorker.java:134)
	at java.base/java.util.ArrayList.forEach(ArrayList.java:1511)
	at org.testng.TestRunner.privateRun(TestRunner.java:739)
	at org.testng.TestRunner.run(TestRunner.java:614)
	at org.testng.SuiteRunner.runTest(SuiteRunner.java:421)
	at org.testng.SuiteRunner.runSequentially(SuiteRunner.java:413)
	at org.testng.SuiteRunner.privateRun(SuiteRunner.java:373)
	at org.testng.SuiteRunner.run(SuiteRunner.java:312)
	at org.testng.SuiteRunnerWorker.runSuite(SuiteRunnerWorker.java:52)
	at org.testng.SuiteRunnerWorker.run(SuiteRunnerWorker.java:95)
	at org.testng.TestNG.runSuitesSequentially(TestNG.java:1274)
	at org.testng.TestNG.runSuitesLocally(TestNG.java:1208)
	at org.testng.TestNG.runSuites(TestNG.java:1112)
	at org.testng.TestNG.run(TestNG.java:1079)
	at org.apache.maven.surefire.testng.TestNGExecutor.run(TestNGExecutor.java:155)
	at org.apache.maven.surefire.testng.TestNGDirectoryTestSuite.executeMulti(TestNGDirectoryTestSuite.java:169)
	at org.apache.maven.surefire.testng.TestNGDirectoryTestSuite.execute(TestNGDirectoryTestSuite.java:88)
	at org.apache.maven.surefire.testng.TestNGProvider.invoke(TestNGProvider.java:137)
	at org.apache.maven.surefire.booter.ForkedBooter.runSuitesInProcess(ForkedBooter.java:385)
	at org.apache.maven.surefire.booter.ForkedBooter.execute(ForkedBooter.java:162)
	at org.apache.maven.surefire.booter.ForkedBooter.run(ForkedBooter.java:507)
	at org.apache.maven.surefire.booter.ForkedBooter.main(ForkedBooter.java:495)
]]></failure>
    <system-out><![CDATA[Executing: 06
]]></system-out>
    <system-err><![CDATA[Jun 10, 2026 8:36:40 PM org.openqa.selenium.devtools.CdpVersionFinder findNearestMatch
WARNING: Unable to find CDP implementation matching 149
Jun 10, 2026 8:36:40 PM org.openqa.selenium.chromium.ChromiumDriver lambda$new$5
WARNING: Unable to find version of CDP to use for 149.0.7827.54. You may need to include a dependency on a specific version of the CDP using something similar to `org.seleniumhq.selenium:selenium-devtools-v86:4.21.0` where the version ("v86") matches the version of the chromium-based browser you're using and the version number of the artifact is the same as Selenium's.
]]></system-err>
  </testcase>
  <testcase name="TC_FlightBooking[07, Paris, Buenos Aires, Kiran Das, Street 7, Kolkata, WB, 700001, MASTER, 07, 2026](7)" classname="com.blazedemo.testcases.FlightBookingTest" time="6.925">
    <system-out><![CDATA[Executing: 07
Selected FROM: Paris
Selected TO: Buenos Aires
Find Flights clicked successfully
First flight selected
Purchase clicked successfully
Confirmation Message: Thank you for your purchase today!
]]></system-out>
    <system-err><![CDATA[Jun 10, 2026 8:36:55 PM org.openqa.selenium.devtools.CdpVersionFinder findNearestMatch
WARNING: Unable to find CDP implementation matching 149
Jun 10, 2026 8:36:55 PM org.openqa.selenium.chromium.ChromiumDriver lambda$new$5
WARNING: Unable to find version of CDP to use for 149.0.7827.54. You may need to include a dependency on a specific version of the CDP using something similar to `org.seleniumhq.selenium:selenium-devtools-v86:4.21.0` where the version ("v86") matches the version of the chromium-based browser you're using and the version number of the artifact is the same as Selenium's.
]]></system-err>
  </testcase>
  <testcase name="TC_FlightBooking[08, Philadelphia, Cairo, Anita Rao, Street 8, Chennai, TN, 600002, VISA, 09, 2026](8)" classname="com.blazedemo.testcases.FlightBookingTest" time="5.046">
    <system-out><![CDATA[Executing: 08
Selected FROM: Philadelphia
Selected TO: Cairo
Find Flights clicked successfully
First flight selected
Purchase clicked successfully
Confirmation Message: Thank you for your purchase today!
]]></system-out>
    <system-err><![CDATA[Jun 10, 2026 8:37:06 PM org.openqa.selenium.devtools.CdpVersionFinder findNearestMatch
WARNING: Unable to find CDP implementation matching 149
Jun 10, 2026 8:37:06 PM org.openqa.selenium.chromium.ChromiumDriver lambda$new$5
WARNING: Unable to find version of CDP to use for 149.0.7827.54. You may need to include a dependency on a specific version of the CDP using something similar to `org.seleniumhq.selenium:selenium-devtools-v86:4.21.0` where the version ("v86") matches the version of the chromium-based browser you're using and the version number of the artifact is the same as Selenium's.
]]></system-err>
  </testcase>
</testsuite>