<?xml version="1.0" encoding="UTF-8"?>
<testng-results ignored="0" total="10" passed="10" failed="0" skipped="0">
  <reporter-output>
  </reporter-output>
  <suite started-at="2026-06-11T21:00:01 IST" name="BlazeDemo Suite" finished-at="2026-06-11T21:01:27 IST" duration-ms="86077">
    <groups>
    </groups>
    <test started-at="2026-06-11T21:00:01 IST" name="Flight Tests" finished-at="2026-06-11T21:00:52 IST" duration-ms="50640">
      <class name="com.blazedemo.testcases.FlightBookingTest">
        <test-method is-config="true" signature="setup()[pri:0, instance:com.blazedemo.testcases.FlightBookingTest@2254127a]" started-at="2026-06-11T21:00:01 IST" name="setup" finished-at="2026-06-11T21:00:06 IST" duration-ms="4719" status="PASS">
          <reporter-output>
          </reporter-output>
        </test-method> <!-- setup -->
        <test-method signature="TC_FlightBooking(java.lang.String,java.lang.String,java.lang.String,java.lang.String,java.lang.String,java.lang.String,java.lang.String,java.lang.String,java.lang.String,java.lang.String,java.lang.String)[pri:0, instance:com.blazedemo.testcases.FlightBookingTest@2254127a]" started-at="2026-06-11T21:00:06 IST" name="TC_FlightBooking" data-provider="csvData" finished-at="2026-06-11T21:00:12 IST" duration-ms="6280" status="PASS">
          <params>
            <param index="0">
              <value>
                <![CDATA[1]]>
              </value>
            </param>
            <param index="1">
              <value>
                <![CDATA[Paris]]>
              </value>
            </param>
            <param index="2">
              <value>
                <![CDATA[New York]]>
              </value>
            </param>
            <param index="3">
              <value>
                <![CDATA[John Doe]]>
              </value>
            </param>
            <param index="4">
              <value>
                <![CDATA[Street 1]]>
              </value>
            </param>
            <param index="5">
              <value>
                <![CDATA[Chennai]]>
              </value>
            </param>
            <param index="6">
              <value>
                <![CDATA[TN]]>
              </value>
            </param>
            <param index="7">
              <value>
                <![CDATA[600001]]>
              </value>
            </param>
            <param index="8">
              <value>
                <![CDATA[VISA]]>
              </value>
            </param>
            <param index="9">
              <value>
                <![CDATA[12]]>
              </value>
            </param>
            <param index="10">
              <value>
                <![CDATA[2026]]>
              </value>
            </param>
          </params>
          <reporter-output>
          </reporter-output>
        </test-method> <!-- TC_FlightBooking -->
        <test-method is-config="true" signature="tearDown()[pri:0, instance:com.blazedemo.testcases.FlightBookingTest@2254127a]" started-at="2026-06-11T21:00:13 IST" name="tearDown" finished-at="2026-06-11T21:00:13 IST" duration-ms="510" status="PASS">
          <reporter-output>
          </reporter-output>
        </test-method> <!-- tearDown -->
        <test-method is-config="true" signature="setup()[pri:0, instance:com.blazedemo.testcases.FlightBookingTest@2254127a]" started-at="2026-06-11T21:00:13 IST" name="setup" finished-at="2026-06-11T21:00:16 IST" duration-ms="3040" status="PASS">
          <reporter-output>
          </reporter-output>
        </test-method> <!-- setup -->
        <test-method signature="TC_FlightBooking(java.lang.String,java.lang.String,java.lang.String,java.lang.String,java.lang.String,java.lang.String,java.lang.String,java.lang.String,java.lang.String,java.lang.String,java.lang.String)[pri:0, instance:com.blazedemo.testcases.FlightBookingTest@2254127a]" started-at="2026-06-11T21:00:16 IST" name="TC_FlightBooking" data-provider="csvData" finished-at="2026-06-11T21:00:21 IST" duration-ms="5307" status="PASS">
          <params>
            <param index="0">
              <value>
                <![CDATA[02]]>
              </value>
            </param>
            <param index="1">
              <value>
                <![CDATA[Philadelphia]]>
              </value>
            </param>
            <param index="2">
              <value>
                <![CDATA[Berlin]]>
              </value>
            </param>
            <param index="3">
              <value>
                <![CDATA[Alice Smith]]>
              </value>
            </param>
            <param index="4">
              <value>
                <![CDATA[Street 2]]>
              </value>
            </param>
            <param index="5">
              <value>
                <![CDATA[Hyderabad]]>
              </value>
            </param>
            <param index="6">
              <value>
                <![CDATA[TS]]>
              </value>
            </param>
            <param index="7">
              <value>
                <![CDATA[]]>
              </value>
            </param>
            <param index="8">
              <value>
                <![CDATA[MASTER]]>
              </value>
            </param>
            <param index="9">
              <value>
                <![CDATA[11]]>
              </value>
            </param>
            <param index="10">
              <value>
                <![CDATA[2027]]>
              </value>
            </param>
          </params>
          <reporter-output>
          </reporter-output>
        </test-method> <!-- TC_FlightBooking -->
        <test-method is-config="true" signature="tearDown()[pri:0, instance:com.blazedemo.testcases.FlightBookingTest@2254127a]" started-at="2026-06-11T21:00:22 IST" name="tearDown" finished-at="2026-06-11T21:00:22 IST" duration-ms="343" status="PASS">
          <reporter-output>
          </reporter-output>
        </test-method> <!-- tearDown -->
        <test-method is-config="true" signature="setup()[pri:0, instance:com.blazedemo.testcases.FlightBookingTest@2254127a]" started-at="2026-06-11T21:00:22 IST" name="setup" finished-at="2026-06-11T21:00:25 IST" duration-ms="2813" status="PASS">
          <reporter-output>
          </reporter-output>
        </test-method> <!-- setup -->
        <test-method signature="TC_FlightBooking(java.lang.String,java.lang.String,java.lang.String,java.lang.String,java.lang.String,java.lang.String,java.lang.String,java.lang.String,java.lang.String,java.lang.String,java.lang.String)[pri:0, instance:com.blazedemo.testcases.FlightBookingTest@2254127a]" started-at="2026-06-11T21:00:25 IST" name="TC_FlightBooking" data-provider="csvData" finished-at="2026-06-11T21:00:30 IST" duration-ms="5660" status="PASS">
          <params>
            <param index="0">
              <value>
                <![CDATA[03]]>
              </value>
            </param>
            <param index="1">
              <value>
                <![CDATA[Boston]]>
              </value>
            </param>
            <param index="2">
              <value>
                <![CDATA[Cairo]]>
              </value>
            </param>
            <param index="3">
              <value>
                <![CDATA[Raj Kumar]]>
              </value>
            </param>
            <param index="4">
              <value>
                <![CDATA[Street 3]]>
              </value>
            </param>
            <param index="5">
              <value>
                <![CDATA[Bangalore]]>
              </value>
            </param>
            <param index="6">
              <value>
                <![CDATA[KA]]>
              </value>
            </param>
            <param index="7">
              <value>
                <![CDATA[560001]]>
              </value>
            </param>
            <param index="8">
              <value>
                <![CDATA[INVALIDCARD]]>
              </value>
            </param>
            <param index="9">
              <value>
                <![CDATA[10]]>
              </value>
            </param>
            <param index="10">
              <value>
                <![CDATA[2026]]>
              </value>
            </param>
          </params>
          <reporter-output>
          </reporter-output>
        </test-method> <!-- TC_FlightBooking -->
        <test-method is-config="true" signature="tearDown()[pri:0, instance:com.blazedemo.testcases.FlightBookingTest@2254127a]" started-at="2026-06-11T21:00:30 IST" name="tearDown" finished-at="2026-06-11T21:00:31 IST" duration-ms="393" status="PASS">
          <reporter-output>
          </reporter-output>
        </test-method> <!-- tearDown -->
        <test-method is-config="true" signature="setup()[pri:0, instance:com.blazedemo.testcases.FlightBookingTest@2254127a]" started-at="2026-06-11T21:00:31 IST" name="setup" finished-at="2026-06-11T21:00:33 IST" duration-ms="2602" status="PASS">
          <reporter-output>
          </reporter-output>
        </test-method> <!-- setup -->
        <test-method signature="TC_FlightBooking(java.lang.String,java.lang.String,java.lang.String,java.lang.String,java.lang.String,java.lang.String,java.lang.String,java.lang.String,java.lang.String,java.lang.String,java.lang.String)[pri:0, instance:com.blazedemo.testcases.FlightBookingTest@2254127a]" started-at="2026-06-11T21:00:33 IST" name="TC_FlightBooking" data-provider="csvData" finished-at="2026-06-11T21:00:39 IST" duration-ms="5572" status="PASS">
          <params>
            <param index="0">
              <value>
                <![CDATA[04]]>
              </value>
            </param>
            <param index="1">
              <value>
                <![CDATA[San Diego]]>
              </value>
            </param>
            <param index="2">
              <value>
                <![CDATA[Dublin]]>
              </value>
            </param>
            <param index="3">
              <value>
                <![CDATA[Meera Rao]]>
              </value>
            </param>
            <param index="4">
              <value>
                <![CDATA[Street 4]]>
              </value>
            </param>
            <param index="5">
              <value>
                <![CDATA[Pune]]>
              </value>
            </param>
            <param index="6">
              <value>
                <![CDATA[MH]]>
              </value>
            </param>
            <param index="7">
              <value>
                <![CDATA[411001]]>
              </value>
            </param>
            <param index="8">
              <value>
                <![CDATA[VISA]]>
              </value>
            </param>
            <param index="9">
              <value>
                <![CDATA[00]]>
              </value>
            </param>
            <param index="10">
              <value>
                <![CDATA[2026]]>
              </value>
            </param>
          </params>
          <reporter-output>
          </reporter-output>
        </test-method> <!-- TC_FlightBooking -->
        <test-method is-config="true" signature="tearDown()[pri:0, instance:com.blazedemo.testcases.FlightBookingTest@2254127a]" started-at="2026-06-11T21:00:39 IST" name="tearDown" finished-at="2026-06-11T21:00:40 IST" duration-ms="397" status="PASS">
          <reporter-output>
          </reporter-output>
        </test-method> <!-- tearDown -->
        <test-method is-config="true" signature="setup()[pri:0, instance:com.blazedemo.testcases.FlightBookingTest@2254127a]" started-at="2026-06-11T21:00:40 IST" name="setup" finished-at="2026-06-11T21:00:45 IST" duration-ms="5205" status="PASS">
          <reporter-output>
          </reporter-output>
        </test-method> <!-- setup -->
        <test-method signature="TC_FlightBooking(java.lang.String,java.lang.String,java.lang.String,java.lang.String,java.lang.String,java.lang.String,java.lang.String,java.lang.String,java.lang.String,java.lang.String,java.lang.String)[pri:0, instance:com.blazedemo.testcases.FlightBookingTest@2254127a]" started-at="2026-06-11T21:00:45 IST" name="TC_FlightBooking" data-provider="csvData" finished-at="2026-06-11T21:00:51 IST" duration-ms="6578" status="PASS">
          <params>
            <param index="0">
              <value>
                <![CDATA[05]]>
              </value>
            </param>
            <param index="1">
              <value>
                <![CDATA[Mexico City]]>
              </value>
            </param>
            <param index="2">
              <value>
                <![CDATA[London]]>
              </value>
            </param>
            <param index="3">
              <value>
                <![CDATA[Arjun Patel]]>
              </value>
            </param>
            <param index="4">
              <value>
                <![CDATA[Street 5]]>
              </value>
            </param>
            <param index="5">
              <value>
                <![CDATA[Delhi]]>
              </value>
            </param>
            <param index="6">
              <value>
                <![CDATA[DL]]>
              </value>
            </param>
            <param index="7">
              <value>
                <![CDATA[110001]]>
              </value>
            </param>
            <param index="8">
              <value>
                <![CDATA[AMEX]]>
              </value>
            </param>
            <param index="9">
              <value>
                <![CDATA[12]]>
              </value>
            </param>
            <param index="10">
              <value>
                <![CDATA[2026]]>
              </value>
            </param>
          </params>
          <reporter-output>
          </reporter-output>
        </test-method> <!-- TC_FlightBooking -->
        <test-method is-config="true" signature="tearDown()[pri:0, instance:com.blazedemo.testcases.FlightBookingTest@2254127a]" started-at="2026-06-11T21:00:51 IST" name="tearDown" finished-at="2026-06-11T21:00:52 IST" duration-ms="431" status="PASS">
          <reporter-output>
          </reporter-output>
        </test-method> <!-- tearDown -->
      </class> <!-- com.blazedemo.testcases.FlightBookingTest -->
    </test> <!-- Flight Tests -->
    <test started-at="2026-06-11T21:00:52 IST" name="GUI Elements Tests" finished-at="2026-06-11T21:01:27 IST" duration-ms="34895">
      <class name="com.blazedemo.testcases.GUIElementsTests">
        <test-method is-config="true" signature="setup()[pri:0, instance:com.blazedemo.testcases.GUIElementsTests@34129c78]" started-at="2026-06-11T21:00:52 IST" name="setup" finished-at="2026-06-11T21:00:58 IST" duration-ms="5112" status="PASS">
          <reporter-output>
          </reporter-output>
        </test-method> <!-- setup -->
        <test-method signature="validateChooseFlightButton()[pri:0, instance:com.blazedemo.testcases.GUIElementsTests@34129c78]" started-at="2026-06-11T21:00:58 IST" name="validateChooseFlightButton" finished-at="2026-06-11T21:01:01 IST" duration-ms="3522" status="PASS">
          <reporter-output>
          </reporter-output>
        </test-method> <!-- validateChooseFlightButton -->
        <test-method is-config="true" signature="tearDown()[pri:0, instance:com.blazedemo.testcases.GUIElementsTests@34129c78]" started-at="2026-06-11T21:01:01 IST" name="tearDown" finished-at="2026-06-11T21:01:02 IST" duration-ms="347" status="PASS">
          <reporter-output>
          </reporter-output>
        </test-method> <!-- tearDown -->
        <test-method is-config="true" signature="setup()[pri:0, instance:com.blazedemo.testcases.GUIElementsTests@34129c78]" started-at="2026-06-11T21:01:02 IST" name="setup" finished-at="2026-06-11T21:01:04 IST" duration-ms="2620" status="PASS">
          <reporter-output>
          </reporter-output>
        </test-method> <!-- setup -->
        <test-method signature="validateConfirmationText()[pri:0, instance:com.blazedemo.testcases.GUIElementsTests@34129c78]" started-at="2026-06-11T21:01:04 IST" name="validateConfirmationText" finished-at="2026-06-11T21:01:11 IST" duration-ms="7005" status="PASS">
          <reporter-output>
          </reporter-output>
        </test-method> <!-- validateConfirmationText -->
        <test-method is-config="true" signature="tearDown()[pri:0, instance:com.blazedemo.testcases.GUIElementsTests@34129c78]" started-at="2026-06-11T21:01:11 IST" name="tearDown" finished-at="2026-06-11T21:01:12 IST" duration-ms="386" status="PASS">
          <reporter-output>
          </reporter-output>
        </test-method> <!-- tearDown -->
        <test-method is-config="true" signature="setup()[pri:0, instance:com.blazedemo.testcases.GUIElementsTests@34129c78]" started-at="2026-06-11T21:01:12 IST" name="setup" finished-at="2026-06-11T21:01:15 IST" duration-ms="3302" status="PASS">
          <reporter-output>
          </reporter-output>
        </test-method> <!-- setup -->
        <test-method signature="validateDepartureDropdown()[pri:0, instance:com.blazedemo.testcases.GUIElementsTests@34129c78]" started-at="2026-06-11T21:01:15 IST" name="validateDepartureDropdown" finished-at="2026-06-11T21:01:17 IST" duration-ms="1738" status="PASS">
          <reporter-output>
          </reporter-output>
        </test-method> <!-- validateDepartureDropdown -->
        <test-method is-config="true" signature="tearDown()[pri:0, instance:com.blazedemo.testcases.GUIElementsTests@34129c78]" started-at="2026-06-11T21:01:17 IST" name="tearDown" finished-at="2026-06-11T21:01:17 IST" duration-ms="337" status="PASS">
          <reporter-output>
          </reporter-output>
        </test-method> <!-- tearDown -->
        <test-method is-config="true" signature="setup()[pri:0, instance:com.blazedemo.testcases.GUIElementsTests@34129c78]" started-at="2026-06-11T21:01:17 IST" name="setup" finished-at="2026-06-11T21:01:20 IST" duration-ms="2596" status="PASS">
          <reporter-output>
          </reporter-output>
        </test-method> <!-- setup -->
        <test-method signature="validateDestinationDropdown()[pri:0, instance:com.blazedemo.testcases.GUIElementsTests@34129c78]" started-at="2026-06-11T21:01:20 IST" name="validateDestinationDropdown" finished-at="2026-06-11T21:01:21 IST" duration-ms="1590" status="PASS">
          <reporter-output>
          </reporter-output>
        </test-method> <!-- validateDestinationDropdown -->
        <test-method is-config="true" signature="tearDown()[pri:0, instance:com.blazedemo.testcases.GUIElementsTests@34129c78]" started-at="2026-06-11T21:01:22 IST" name="tearDown" finished-at="2026-06-11T21:01:22 IST" duration-ms="359" status="PASS">
          <reporter-output>
          </reporter-output>
        </test-method> <!-- tearDown -->
        <test-method is-config="true" signature="setup()[pri:0, instance:com.blazedemo.testcases.GUIElementsTests@34129c78]" started-at="2026-06-11T21:01:22 IST" name="setup" finished-at="2026-06-11T21:01:25 IST" duration-ms="2891" status="PASS">
          <reporter-output>
          </reporter-output>
        </test-method> <!-- setup -->
        <test-method signature="validateFindFlightsButton()[pri:0, instance:com.blazedemo.testcases.GUIElementsTests@34129c78]" started-at="2026-06-11T21:01:25 IST" name="validateFindFlightsButton" finished-at="2026-06-11T21:01:27 IST" duration-ms="1912" status="PASS">
          <reporter-output>
          </reporter-output>
        </test-method> <!-- validateFindFlightsButton -->
        <test-method is-config="true" signature="tearDown()[pri:0, instance:com.blazedemo.testcases.GUIElementsTests@34129c78]" started-at="2026-06-11T21:01:27 IST" name="tearDown" finished-at="2026-06-11T21:01:27 IST" duration-ms="384" status="PASS">
          <reporter-output>
          </reporter-output>
        </test-method> <!-- tearDown -->
      </class> <!-- com.blazedemo.testcases.GUIElementsTests -->
    </test> <!-- GUI Elements Tests -->
  </suite> <!-- BlazeDemo Suite -->
</testng-results>
