<?xml version="1.0" encoding="UTF-8"?>
<testng-results ignored="0" total="10" passed="10" failed="0" skipped="0">
  <reporter-output>
  </reporter-output>
  <suite started-at="2026-06-11T16:15:31 IST" name="BlazeDemo Suite" finished-at="2026-06-11T16:17:23 IST" duration-ms="112360">
    <groups>
    </groups>
    <test started-at="2026-06-11T16:15:31 IST" name="Flight Tests" finished-at="2026-06-11T16:16:43 IST" duration-ms="72519">
      <class name="com.blazedemo.testcases.FlightBookingTest">
        <test-method is-config="true" signature="setup()[pri:0, instance:com.blazedemo.testcases.FlightBookingTest@51399530]" started-at="2026-06-11T16:15:31 IST" name="setup" finished-at="2026-06-11T16:15:44 IST" duration-ms="13434" status="PASS">
          <reporter-output>
          </reporter-output>
        </test-method> <!-- setup -->
        <test-method signature="TC_FlightBooking(java.lang.String,java.lang.String,java.lang.String,java.lang.String,java.lang.String,java.lang.String,java.lang.String,java.lang.String,java.lang.String,java.lang.String,java.lang.String)[pri:0, instance:com.blazedemo.testcases.FlightBookingTest@51399530]" started-at="2026-06-11T16:15:44 IST" name="TC_FlightBooking" data-provider="csvData" finished-at="2026-06-11T16:15:52 IST" duration-ms="7519" status="PASS">
          <params>
            <param index="0">
              <value>
                <![CDATA[1]]>
              </value>
            </param>
            <param index="1">
              <value>
                <![CDATA[Paris]]>
              </value>
            </param>
            <param index="2">
              <value>
                <![CDATA[New York]]>
              </value>
            </param>
            <param index="3">
              <value>
                <![CDATA[John Doe]]>
              </value>
            </param>
            <param index="4">
              <value>
                <![CDATA[Street 1]]>
              </value>
            </param>
            <param index="5">
              <value>
                <![CDATA[Chennai]]>
              </value>
            </param>
            <param index="6">
              <value>
                <![CDATA[TN]]>
              </value>
            </param>
            <param index="7">
              <value>
                <![CDATA[600001]]>
              </value>
            </param>
            <param index="8">
              <value>
                <![CDATA[VISA]]>
              </value>
            </param>
            <param index="9">
              <value>
                <![CDATA[12]]>
              </value>
            </param>
            <param index="10">
              <value>
                <![CDATA[2026]]>
              </value>
            </param>
          </params>
          <reporter-output>
          </reporter-output>
        </test-method> <!-- TC_FlightBooking -->
        <test-method is-config="true" signature="tearDown()[pri:0, instance:com.blazedemo.testcases.FlightBookingTest@51399530]" started-at="2026-06-11T16:15:52 IST" name="tearDown" finished-at="2026-06-11T16:15:52 IST" duration-ms="495" status="PASS">
          <reporter-output>
          </reporter-output>
        </test-method> <!-- tearDown -->
        <test-method is-config="true" signature="setup()[pri:0, instance:com.blazedemo.testcases.FlightBookingTest@51399530]" started-at="2026-06-11T16:15:52 IST" name="setup" finished-at="2026-06-11T16:15:59 IST" duration-ms="6908" status="PASS">
          <reporter-output>
          </reporter-output>
        </test-method> <!-- setup -->
        <test-method signature="TC_FlightBooking(java.lang.String,java.lang.String,java.lang.String,java.lang.String,java.lang.String,java.lang.String,java.lang.String,java.lang.String,java.lang.String,java.lang.String,java.lang.String)[pri:0, instance:com.blazedemo.testcases.FlightBookingTest@51399530]" started-at="2026-06-11T16:15:59 IST" name="TC_FlightBooking" data-provider="csvData" finished-at="2026-06-11T16:16:08 IST" duration-ms="8496" status="PASS">
          <params>
            <param index="0">
              <value>
                <![CDATA[02]]>
              </value>
            </param>
            <param index="1">
              <value>
                <![CDATA[Philadelphia]]>
              </value>
            </param>
            <param index="2">
              <value>
                <![CDATA[Berlin]]>
              </value>
            </param>
            <param index="3">
              <value>
                <![CDATA[Alice Smith]]>
              </value>
            </param>
            <param index="4">
              <value>
                <![CDATA[Street 2]]>
              </value>
            </param>
            <param index="5">
              <value>
                <![CDATA[Hyderabad]]>
              </value>
            </param>
            <param index="6">
              <value>
                <![CDATA[TS]]>
              </value>
            </param>
            <param index="7">
              <value>
                <![CDATA[]]>
              </value>
            </param>
            <param index="8">
              <value>
                <![CDATA[MASTER]]>
              </value>
            </param>
            <param index="9">
              <value>
                <![CDATA[11]]>
              </value>
            </param>
            <param index="10">
              <value>
                <![CDATA[2027]]>
              </value>
            </param>
          </params>
          <reporter-output>
          </reporter-output>
        </test-method> <!-- TC_FlightBooking -->
        <test-method is-config="true" signature="tearDown()[pri:0, instance:com.blazedemo.testcases.FlightBookingTest@51399530]" started-at="2026-06-11T16:16:08 IST" name="tearDown" finished-at="2026-06-11T16:16:08 IST" duration-ms="449" status="PASS">
          <reporter-output>
          </reporter-output>
        </test-method> <!-- tearDown -->
        <test-method is-config="true" signature="setup()[pri:0, instance:com.blazedemo.testcases.FlightBookingTest@51399530]" started-at="2026-06-11T16:16:08 IST" name="setup" finished-at="2026-06-11T16:16:13 IST" duration-ms="4819" status="PASS">
          <reporter-output>
          </reporter-output>
        </test-method> <!-- setup -->
        <test-method signature="TC_FlightBooking(java.lang.String,java.lang.String,java.lang.String,java.lang.String,java.lang.String,java.lang.String,java.lang.String,java.lang.String,java.lang.String,java.lang.String,java.lang.String)[pri:0, instance:com.blazedemo.testcases.FlightBookingTest@51399530]" started-at="2026-06-11T16:16:13 IST" name="TC_FlightBooking" data-provider="csvData" finished-at="2026-06-11T16:16:20 IST" duration-ms="7583" status="PASS">
          <params>
            <param index="0">
              <value>
                <![CDATA[03]]>
              </value>
            </param>
            <param index="1">
              <value>
                <![CDATA[Boston]]>
              </value>
            </param>
            <param index="2">
              <value>
                <![CDATA[Cairo]]>
              </value>
            </param>
            <param index="3">
              <value>
                <![CDATA[Raj Kumar]]>
              </value>
            </param>
            <param index="4">
              <value>
                <![CDATA[Street 3]]>
              </value>
            </param>
            <param index="5">
              <value>
                <![CDATA[Bangalore]]>
              </value>
            </param>
            <param index="6">
              <value>
                <![CDATA[KA]]>
              </value>
            </param>
            <param index="7">
              <value>
                <![CDATA[560001]]>
              </value>
            </param>
            <param index="8">
              <value>
                <![CDATA[INVALIDCARD]]>
              </value>
            </param>
            <param index="9">
              <value>
                <![CDATA[10]]>
              </value>
            </param>
            <param index="10">
              <value>
                <![CDATA[2026]]>
              </value>
            </param>
          </params>
          <reporter-output>
          </reporter-output>
        </test-method> <!-- TC_FlightBooking -->
        <test-method is-config="true" signature="tearDown()[pri:0, instance:com.blazedemo.testcases.FlightBookingTest@51399530]" started-at="2026-06-11T16:16:20 IST" name="tearDown" finished-at="2026-06-11T16:16:21 IST" duration-ms="399" status="PASS">
          <reporter-output>
          </reporter-output>
        </test-method> <!-- tearDown -->
        <test-method is-config="true" signature="setup()[pri:0, instance:com.blazedemo.testcases.FlightBookingTest@51399530]" started-at="2026-06-11T16:16:21 IST" name="setup" finished-at="2026-06-11T16:16:24 IST" duration-ms="3619" status="PASS">
          <reporter-output>
          </reporter-output>
        </test-method> <!-- setup -->
        <test-method signature="TC_FlightBooking(java.lang.String,java.lang.String,java.lang.String,java.lang.String,java.lang.String,java.lang.String,java.lang.String,java.lang.String,java.lang.String,java.lang.String,java.lang.String)[pri:0, instance:com.blazedemo.testcases.FlightBookingTest@51399530]" started-at="2026-06-11T16:16:24 IST" name="TC_FlightBooking" data-provider="csvData" finished-at="2026-06-11T16:16:33 IST" duration-ms="8422" status="PASS">
          <params>
            <param index="0">
              <value>
                <![CDATA[04]]>
              </value>
            </param>
            <param index="1">
              <value>
                <![CDATA[San Diego]]>
              </value>
            </param>
            <param index="2">
              <value>
                <![CDATA[Dublin]]>
              </value>
            </param>
            <param index="3">
              <value>
                <![CDATA[Meera Rao]]>
              </value>
            </param>
            <param index="4">
              <value>
                <![CDATA[Street 4]]>
              </value>
            </param>
            <param index="5">
              <value>
                <![CDATA[Pune]]>
              </value>
            </param>
            <param index="6">
              <value>
                <![CDATA[MH]]>
              </value>
            </param>
            <param index="7">
              <value>
                <![CDATA[411001]]>
              </value>
            </param>
            <param index="8">
              <value>
                <![CDATA[VISA]]>
              </value>
            </param>
            <param index="9">
              <value>
                <![CDATA[00]]>
              </value>
            </param>
            <param index="10">
              <value>
                <![CDATA[2026]]>
              </value>
            </param>
          </params>
          <reporter-output>
          </reporter-output>
        </test-method> <!-- TC_FlightBooking -->
        <test-method is-config="true" signature="tearDown()[pri:0, instance:com.blazedemo.testcases.FlightBookingTest@51399530]" started-at="2026-06-11T16:16:33 IST" name="tearDown" finished-at="2026-06-11T16:16:33 IST" duration-ms="490" status="PASS">
          <reporter-output>
          </reporter-output>
        </test-method> <!-- tearDown -->
        <test-method is-config="true" signature="setup()[pri:0, instance:com.blazedemo.testcases.FlightBookingTest@51399530]" started-at="2026-06-11T16:16:33 IST" name="setup" finished-at="2026-06-11T16:16:36 IST" duration-ms="2988" status="PASS">
          <reporter-output>
          </reporter-output>
        </test-method> <!-- setup -->
        <test-method signature="TC_FlightBooking(java.lang.String,java.lang.String,java.lang.String,java.lang.String,java.lang.String,java.lang.String,java.lang.String,java.lang.String,java.lang.String,java.lang.String,java.lang.String)[pri:0, instance:com.blazedemo.testcases.FlightBookingTest@51399530]" started-at="2026-06-11T16:16:36 IST" name="TC_FlightBooking" data-provider="csvData" finished-at="2026-06-11T16:16:43 IST" duration-ms="6350" status="PASS">
          <params>
            <param index="0">
              <value>
                <![CDATA[05]]>
              </value>
            </param>
            <param index="1">
              <value>
                <![CDATA[Mexico City]]>
              </value>
            </param>
            <param index="2">
              <value>
                <![CDATA[London]]>
              </value>
            </param>
            <param index="3">
              <value>
                <![CDATA[Arjun Patel]]>
              </value>
            </param>
            <param index="4">
              <value>
                <![CDATA[Street 5]]>
              </value>
            </param>
            <param index="5">
              <value>
                <![CDATA[Delhi]]>
              </value>
            </param>
            <param index="6">
              <value>
                <![CDATA[DL]]>
              </value>
            </param>
            <param index="7">
              <value>
                <![CDATA[110001]]>
              </value>
            </param>
            <param index="8">
              <value>
                <![CDATA[AMEX]]>
              </value>
            </param>
            <param index="9">
              <value>
                <![CDATA[12]]>
              </value>
            </param>
            <param index="10">
              <value>
                <![CDATA[2026]]>
              </value>
            </param>
          </params>
          <reporter-output>
          </reporter-output>
        </test-method> <!-- TC_FlightBooking -->
        <test-method is-config="true" signature="tearDown()[pri:0, instance:com.blazedemo.testcases.FlightBookingTest@51399530]" started-at="2026-06-11T16:16:43 IST" name="tearDown" finished-at="2026-06-11T16:16:43 IST" duration-ms="390" status="PASS">
          <reporter-output>
          </reporter-output>
        </test-method> <!-- tearDown -->
      </class> <!-- com.blazedemo.testcases.FlightBookingTest -->
    </test> <!-- Flight Tests -->
    <test started-at="2026-06-11T16:16:43 IST" name="GUI Elements Tests" finished-at="2026-06-11T16:17:23 IST" duration-ms="39780">
      <class name="com.blazedemo.testcases.GUIElementsTests">
        <test-method is-config="true" signature="setup()[pri:0, instance:com.blazedemo.testcases.GUIElementsTests@544fa968]" started-at="2026-06-11T16:16:43 IST" name="setup" finished-at="2026-06-11T16:16:47 IST" duration-ms="3610" status="PASS">
          <reporter-output>
          </reporter-output>
        </test-method> <!-- setup -->
        <test-method signature="validateChooseFlightButton()[pri:0, instance:com.blazedemo.testcases.GUIElementsTests@544fa968]" started-at="2026-06-11T16:16:47 IST" name="validateChooseFlightButton" finished-at="2026-06-11T16:16:51 IST" duration-ms="3964" status="PASS">
          <reporter-output>
          </reporter-output>
        </test-method> <!-- validateChooseFlightButton -->
        <test-method is-config="true" signature="tearDown()[pri:0, instance:com.blazedemo.testcases.GUIElementsTests@544fa968]" started-at="2026-06-11T16:16:51 IST" name="tearDown" finished-at="2026-06-11T16:16:51 IST" duration-ms="354" status="PASS">
          <reporter-output>
          </reporter-output>
        </test-method> <!-- tearDown -->
        <test-method is-config="true" signature="setup()[pri:0, instance:com.blazedemo.testcases.GUIElementsTests@544fa968]" started-at="2026-06-11T16:16:51 IST" name="setup" finished-at="2026-06-11T16:16:54 IST" duration-ms="3370" status="PASS">
          <reporter-output>
          </reporter-output>
        </test-method> <!-- setup -->
        <test-method signature="validateConfirmationText()[pri:0, instance:com.blazedemo.testcases.GUIElementsTests@544fa968]" started-at="2026-06-11T16:16:54 IST" name="validateConfirmationText" finished-at="2026-06-11T16:17:01 IST" duration-ms="6640" status="PASS">
          <reporter-output>
          </reporter-output>
        </test-method> <!-- validateConfirmationText -->
        <test-method is-config="true" signature="tearDown()[pri:0, instance:com.blazedemo.testcases.GUIElementsTests@544fa968]" started-at="2026-06-11T16:17:01 IST" name="tearDown" finished-at="2026-06-11T16:17:02 IST" duration-ms="421" status="PASS">
          <reporter-output>
          </reporter-output>
        </test-method> <!-- tearDown -->
        <test-method is-config="true" signature="setup()[pri:0, instance:com.blazedemo.testcases.GUIElementsTests@544fa968]" started-at="2026-06-11T16:17:02 IST" name="setup" finished-at="2026-06-11T16:17:04 IST" duration-ms="2947" status="PASS">
          <reporter-output>
          </reporter-output>
        </test-method> <!-- setup -->
        <test-method signature="validateDepartureDropdown()[pri:0, instance:com.blazedemo.testcases.GUIElementsTests@544fa968]" started-at="2026-06-11T16:17:04 IST" name="validateDepartureDropdown" finished-at="2026-06-11T16:17:06 IST" duration-ms="1405" status="PASS">
          <reporter-output>
          </reporter-output>
        </test-method> <!-- validateDepartureDropdown -->
        <test-method is-config="true" signature="tearDown()[pri:0, instance:com.blazedemo.testcases.GUIElementsTests@544fa968]" started-at="2026-06-11T16:17:06 IST" name="tearDown" finished-at="2026-06-11T16:17:06 IST" duration-ms="350" status="PASS">
          <reporter-output>
          </reporter-output>
        </test-method> <!-- tearDown -->
        <test-method is-config="true" signature="setup()[pri:0, instance:com.blazedemo.testcases.GUIElementsTests@544fa968]" started-at="2026-06-11T16:17:06 IST" name="setup" finished-at="2026-06-11T16:17:13 IST" duration-ms="6893" status="PASS">
          <reporter-output>
          </reporter-output>
        </test-method> <!-- setup -->
        <test-method signature="validateDestinationDropdown()[pri:0, instance:com.blazedemo.testcases.GUIElementsTests@544fa968]" started-at="2026-06-11T16:17:13 IST" name="validateDestinationDropdown" finished-at="2026-06-11T16:17:14 IST" duration-ms="1368" status="PASS">
          <reporter-output>
          </reporter-output>
        </test-method> <!-- validateDestinationDropdown -->
        <test-method is-config="true" signature="tearDown()[pri:0, instance:com.blazedemo.testcases.GUIElementsTests@544fa968]" started-at="2026-06-11T16:17:14 IST" name="tearDown" finished-at="2026-06-11T16:17:15 IST" duration-ms="379" status="PASS">
          <reporter-output>
          </reporter-output>
        </test-method> <!-- tearDown -->
        <test-method is-config="true" signature="setup()[pri:0, instance:com.blazedemo.testcases.GUIElementsTests@544fa968]" started-at="2026-06-11T16:17:15 IST" name="setup" finished-at="2026-06-11T16:17:18 IST" duration-ms="3437" status="PASS">
          <reporter-output>
          </reporter-output>
        </test-method> <!-- setup -->
        <test-method signature="validateFindFlightsButton()[pri:0, instance:com.blazedemo.testcases.GUIElementsTests@544fa968]" started-at="2026-06-11T16:17:18 IST" name="validateFindFlightsButton" finished-at="2026-06-11T16:17:22 IST" duration-ms="4179" status="PASS">
          <reporter-output>
          </reporter-output>
        </test-method> <!-- validateFindFlightsButton -->
        <test-method is-config="true" signature="tearDown()[pri:0, instance:com.blazedemo.testcases.GUIElementsTests@544fa968]" started-at="2026-06-11T16:17:22 IST" name="tearDown" finished-at="2026-06-11T16:17:23 IST" duration-ms="437" status="PASS">
          <reporter-output>
          </reporter-output>
        </test-method> <!-- tearDown -->
      </class> <!-- com.blazedemo.testcases.GUIElementsTests -->
    </test> <!-- GUI Elements Tests -->
  </suite> <!-- BlazeDemo Suite -->
</testng-results>
