<?xml version="1.0" encoding="UTF-8"?>
<!-- Generated by org.testng.reporters.JUnitXMLReporter -->
<testsuite ignored="0" hostname="DESKTOP-IL0VP7Q" failures="0" tests="3" name="BlazeDemoTests" time="33.53" errors="0" timestamp="2026-06-09T23:45:31 IST">
  <testcase classname="com.blazedemo.testcases.FlightBookingTest" name="TC_DataDriven_FlightBooking" time="5.052"/>
  <testcase classname="com.blazedemo.testcases.FlightBookingTest" name="TC_DataDriven_FlightBooking" time="4.443"/>
  <testcase classname="com.blazedemo.testcases.FlightBookingTest" name="TC_DataDriven_FlightBooking" time="4.06"/>
</testsuite> <!-- BlazeDemoTests -->
