<?xml version="1.0" encoding="UTF-8"?>
<!-- Generated by org.testng.reporters.JUnitReportReporter -->
<testsuite hostname="DESKTOP-IL0VP7Q" failures="0" tests="5" name="com.blazedemo.testcases.FlightBookingTest" time="37.718" errors="0" timestamp="2026-06-11T12:41:56 IST" skipped="0">
  <testcase classname="com.blazedemo.testcases.FlightBookingTest" name="TC_FlightBooking" time="6.468"/>
  <testcase classname="com.blazedemo.testcases.FlightBookingTest" name="TC_FlightBooking" time="7.868"/>
  <testcase classname="com.blazedemo.testcases.FlightBookingTest" name="TC_FlightBooking" time="7.330"/>
  <testcase classname="com.blazedemo.testcases.FlightBookingTest" name="TC_FlightBooking" time="8.005"/>
  <testcase classname="com.blazedemo.testcases.FlightBookingTest" name="TC_FlightBooking" time="8.047"/>
</testsuite> <!-- com.blazedemo.testcases.FlightBookingTest -->
