<?xml version="1.0" encoding="UTF-8"?>
<!-- Generated by org.testng.reporters.JUnitReportReporter -->
<testsuite hostname="DESKTOP-IL0VP7Q" failures="0" tests="5" name="com.blazedemo.testcases.GUIElementsTests" time="39.754" errors="0" timestamp="2026-06-11T16:17:23 IST" skipped="0">
  <testcase classname="com.blazedemo.testcases.GUIElementsTests" name="validateConfirmationText" time="10.671"/>
  <testcase classname="com.blazedemo.testcases.GUIElementsTests" name="validateDestinationDropdown" time="4.694"/>
  <testcase classname="com.blazedemo.testcases.GUIElementsTests" name="validateChooseFlightButton" time="7.838"/>
  <testcase classname="com.blazedemo.testcases.GUIElementsTests" name="validateDepartureDropdown" time="5.129"/>
  <testcase classname="com.blazedemo.testcases.GUIElementsTests" name="validateFindFlightsButton" time="11.422"/>
</testsuite> <!-- com.blazedemo.testcases.GUIElementsTests -->
