<?xml version="1.0" encoding="UTF-8"?>
<!-- Generated by org.testng.reporters.JUnitReportReporter -->
<testsuite hostname="DESKTOP-IL0VP7Q" failures="0" tests="8" name="com.blazedemo.testcases.FlightBookingTest" time="72.222" errors="0" timestamp="2026-06-10T20:49:48 IST" skipped="0">
  <testcase classname="com.blazedemo.testcases.FlightBookingTest" name="TC_FlightBooking" time="8.363"/>
  <testcase classname="com.blazedemo.testcases.FlightBookingTest" name="TC_FlightBooking" time="7.723"/>
  <testcase classname="com.blazedemo.testcases.FlightBookingTest" name="TC_FlightBooking" time="8.768"/>
  <testcase classname="com.blazedemo.testcases.FlightBookingTest" name="TC_FlightBooking" time="7.813"/>
  <testcase classname="com.blazedemo.testcases.FlightBookingTest" name="TC_FlightBooking" time="12.436"/>
  <testcase classname="com.blazedemo.testcases.FlightBookingTest" name="TC_FlightBooking" time="9.129"/>
  <testcase classname="com.blazedemo.testcases.FlightBookingTest" name="TC_FlightBooking" time="8.721"/>
  <testcase classname="com.blazedemo.testcases.FlightBookingTest" name="TC_FlightBooking" time="9.269"/>
</testsuite> <!-- com.blazedemo.testcases.FlightBookingTest -->
