<?xml version="1.0" encoding="UTF-8"?>
<!-- Generated by org.testng.reporters.JUnitReportReporter -->
<testsuite hostname="DESKTOP-IL0VP7Q" failures="0" tests="5" name="com.blazedemo.testcases.GUIElementsTests" time="29.760" errors="0" timestamp="2026-06-11T12:41:56 IST" skipped="0">
  <testcase classname="com.blazedemo.testcases.GUIElementsTests" name="validateFindFlightsButton" time="4.056"/>
  <testcase classname="com.blazedemo.testcases.GUIElementsTests" name="validateConfirmationText" time="9.403"/>
  <testcase classname="com.blazedemo.testcases.GUIElementsTests" name="validateDepartureDropdown" time="3.569"/>
  <testcase classname="com.blazedemo.testcases.GUIElementsTests" name="validateChooseFlightButton" time="6.557"/>
  <testcase classname="com.blazedemo.testcases.GUIElementsTests" name="validateDestinationDropdown" time="6.175"/>
</testsuite> <!-- com.blazedemo.testcases.GUIElementsTests -->
